seekarc/build/outputs/logs/manifest-merger-debug-report.txt
-- Merging decision tree log ---
manifest
ADDED from Music\seekarc\AndroidManifest.xml:24:1-31:12
INJECTED from Music\seekarc\AndroidManifest.xml:24:1-31:12
INJECTED from Music\seekarc\AndroidManifest.xml:24:1-31:12
INJECTED from Music\seekarc\AndroidManifest.xml:24:1-31:12
INJECTED from Music\seekarc\AndroidManifest.xml:24:1-31:12
INJECTED from Music\seekarc\AndroidManifest.xml:24:1-31:12
INJECTED from Music\seekarc\AndroidManifest.xml:24:1-31:12
	package
		ADDED from Music\seekarc\AndroidManifest.xml:25:5-38
		INJECTED from Music\seekarc\AndroidManifest.xml
		INJECTED from Music\seekarc\AndroidManifest.xml
	android:versionName
		INJECTED from Music\seekarc\AndroidManifest.xml
		ADDED from Music\seekarc\AndroidManifest.xml:24:1-31:12
		INJECTED from Music\seekarc\AndroidManifest.xml
	android:versionCode
		INJECTED from Music\seekarc\AndroidManifest.xml
		ADDED from Music\seekarc\AndroidManifest.xml:24:1-31:12
		INJECTED from Music\seekarc\AndroidManifest.xml
	xmlns:android
		ADDED from Music\seekarc\AndroidManifest.xml:24:11-69
application
ADDED from Music\seekarc\AndroidManifest.xml:27:5-29:19
	android:label
		ADDED from Music\seekarc\AndroidManifest.xml:28:9-41
uses-sdk
INJECTED from Music\seekarc\AndroidManifest.xml reason: use-sdk injection requested
INJECTED from Music\seekarc\AndroidManifest.xml
INJECTED from Music\seekarc\AndroidManifest.xml
INJECTED from Music\seekarc\AndroidManifest.xml
INJECTED from Music\seekarc\AndroidManifest.xml
	android:targetSdkVersion
		INJECTED from Music\seekarc\AndroidManifest.xml
		ADDED from Music\seekarc\AndroidManifest.xml
		INJECTED from Music\seekarc\AndroidManifest.xml
	android:minSdkVersion
		INJECTED from Music\seekarc\AndroidManifest.xml
		ADDED from Music\seekarc\AndroidManifest.xml
		INJECTED from Music\seekarc\AndroidManifest.xml